 PATH path38 FOUND 
SVG scale factor = 1.000000
SVG offset = 0.000000,0.000000
POLYGON  0)
Move (abs)	raw = 175.48,0.00	coord = 175.48,0.00
	raw = 96.50,0.00	coord = 96.50,0.00
Line (abs)	raw = 179.28,0.00	coord = 179.28,0.00
	raw = 97.34,0.00	coord = 97.34,0.00
Line (abs)	raw = 183.38,0.00	coord = 183.38,0.00
	raw = 101.13,0.00	coord = 101.13,0.00
Line (abs)	raw = 184.51,0.00	coord = 184.51,0.00
	raw = 105.60,0.00	coord = 105.60,0.00
Line (abs)	raw = 183.66,0.00	coord = 183.66,0.00
	raw = 109.36,0.00	coord = 109.36,0.00
Line (abs)	raw = 179.66,0.00	coord = 179.66,0.00
	raw = 113.47,0.00	coord = 113.47,0.00
Line (abs)	raw = 175.48,0.00	coord = 175.48,0.00
	raw = 114.50,0.00	coord = 114.50,0.00
Line (abs)	raw = 171.10,0.00	coord = 171.10,0.00
	raw = 113.34,0.00	coord = 113.34,0.00
Line (abs)	raw = 167.19,0.00	coord = 167.19,0.00
	raw = 109.01,0.00	coord = 109.01,0.00
Line (abs)	raw = 166.46,0.00	coord = 166.46,0.00
	raw = 105.49,0.00	coord = 105.49,0.00
Line (abs)	raw = 167.60,0.00	coord = 167.60,0.00
	raw = 101.14,0.00	coord = 101.14,0.00
Line (abs)	raw = 171.66,0.00	coord = 171.66,0.00
	raw = 97.35,0.00	coord = 97.35,0.00
Line (abs)	raw = 175.48,0.00	coord = 175.48,0.00
	raw = 96.50,0.00	coord = 96.50,0.00
Line (abs)	raw = 175.48,0.00	coord = 175.48,0.00
	raw = 96.50,0.00	coord = 96.50,0.00
Move (abs)	raw = 174.50,0.00	coord = 174.50,0.00
	raw = 97.34,0.00	coord = 97.34,0.00
Line (abs)	raw = 174.43,0.00	coord = 174.43,0.00
	raw = 105.44,0.00	coord = 105.44,0.00
Line (abs)	raw = 174.49,0.00	coord = 174.49,0.00
	raw = 112.17,0.00	coord = 112.17,0.00
Line (abs)	raw = 174.50,0.00	coord = 174.50,0.00
	raw = 113.68,0.00	coord = 113.68,0.00
Line (abs)	raw = 175.31,0.00	coord = 175.31,0.00
	raw = 113.76,0.00	coord = 113.76,0.00
Line (abs)	raw = 180.22,0.00	coord = 180.22,0.00
	raw = 112.24,0.00	coord = 112.24,0.00
Line (abs)	raw = 183.08,0.00	coord = 183.08,0.00
	raw = 108.66,0.00	coord = 108.66,0.00
Line (abs)	raw = 183.71,0.00	coord = 183.71,0.00
	raw = 105.49,0.00	coord = 105.49,0.00
Line (abs)	raw = 182.66,0.00	coord = 182.66,0.00
	raw = 101.46,0.00	coord = 101.46,0.00
Line (abs)	raw = 179.05,0.00	coord = 179.05,0.00
	raw = 98.08,0.00	coord = 98.08,0.00
Line (abs)	raw = 175.38,0.00	coord = 175.38,0.00
	raw = 97.26,0.00	coord = 97.26,0.00
Line (abs)	raw = 174.50,0.00	coord = 174.50,0.00
	raw = 97.34,0.00	coord = 97.34,0.00
Line (abs)	raw = 174.50,0.00	coord = 174.50,0.00
	raw = 97.34,0.00	coord = 97.34,0.00
End polygon at 175.48,0.00

 PATH path36 FOUND 
SVG scale factor = 1.000000
SVG offset = 0.000000,0.000000
POLYGON  1)
Move (abs)	raw = 164.34,0.00	coord = 164.34,0.00
	raw = 97.02,0.00	coord = 97.02,0.00
Line (abs)	raw = 164.34,0.00	coord = 164.34,0.00
	raw = 97.89,0.00	coord = 97.89,0.00
Line (abs)	raw = 164.28,0.00	coord = 164.28,0.00
	raw = 104.70,0.00	coord = 104.70,0.00
Line (abs)	raw = 164.32,0.00	coord = 164.32,0.00
	raw = 114.00,0.00	coord = 114.00,0.00
Line (abs)	raw = 156.72,0.00	coord = 156.72,0.00
	raw = 114.00,0.00	coord = 114.00,0.00
Line (abs)	raw = 156.81,0.00	coord = 156.81,0.00
	raw = 103.83,0.00	coord = 103.83,0.00
Line (abs)	raw = 156.72,0.00	coord = 156.72,0.00
	raw = 97.62,0.00	coord = 97.62,0.00
Line (abs)	raw = 156.74,0.00	coord = 156.74,0.00
	raw = 97.02,0.00	coord = 97.02,0.00
Line (abs)	raw = 164.34,0.00	coord = 164.34,0.00
	raw = 97.02,0.00	coord = 97.02,0.00
End polygon at 164.34,0.00

 PATH path34 FOUND 
SVG scale factor = 1.000000
SVG offset = 0.000000,0.000000
POLYGON  2)
Move (abs)	raw = 137.57,0.00	coord = 137.57,0.00
	raw = 97.02,0.00	coord = 97.02,0.00
Line (abs)	raw = 144.11,0.00	coord = 144.11,0.00
	raw = 97.02,0.00	coord = 97.02,0.00
Line (abs)	raw = 147.97,0.00	coord = 147.97,0.00
	raw = 97.26,0.00	coord = 97.26,0.00
Line (abs)	raw = 153.13,0.00	coord = 153.13,0.00
	raw = 100.67,0.00	coord = 100.67,0.00
Line (abs)	raw = 154.67,0.00	coord = 154.67,0.00
	raw = 105.52,0.00	coord = 105.52,0.00
Line (abs)	raw = 153.08,0.00	coord = 153.08,0.00
	raw = 110.44,0.00	coord = 110.44,0.00
Line (abs)	raw = 148.08,0.00	coord = 148.08,0.00
	raw = 113.76,0.00	coord = 113.76,0.00
Line (abs)	raw = 146.66,0.00	coord = 146.66,0.00
	raw = 113.96,0.00	coord = 113.96,0.00
Line (abs)	raw = 143.92,0.00	coord = 143.92,0.00
	raw = 114.00,0.00	coord = 114.00,0.00
Line (abs)	raw = 137.60,0.00	coord = 137.60,0.00
	raw = 114.00,0.00	coord = 114.00,0.00
Line (abs)	raw = 137.64,0.00	coord = 137.64,0.00
	raw = 105.78,0.00	coord = 105.78,0.00
Line (abs)	raw = 137.57,0.00	coord = 137.57,0.00
	raw = 97.02,0.00	coord = 97.02,0.00
Move (abs)	raw = 145.17,0.00	coord = 145.17,0.00
	raw = 97.81,0.00	coord = 97.81,0.00
Line (abs)	raw = 145.11,0.00	coord = 145.11,0.00
	raw = 107.81,0.00	coord = 107.81,0.00
Line (abs)	raw = 145.18,0.00	coord = 145.18,0.00
	raw = 113.20,0.00	coord = 113.20,0.00
Line (abs)	raw = 147.57,0.00	coord = 147.57,0.00
	raw = 113.07,0.00	coord = 113.07,0.00
Line (abs)	raw = 149.25,0.00	coord = 149.25,0.00
	raw = 112.54,0.00	coord = 112.54,0.00
Line (abs)	raw = 152.74,0.00	coord = 152.74,0.00
	raw = 109.45,0.00	coord = 109.45,0.00
Line (abs)	raw = 153.85,0.00	coord = 153.85,0.00
	raw = 105.50,0.00	coord = 105.50,0.00
Line (abs)	raw = 152.54,0.00	coord = 152.54,0.00
	raw = 101.24,0.00	coord = 101.24,0.00
Line (abs)	raw = 149.66,0.00	coord = 149.66,0.00
	raw = 98.66,0.00	coord = 98.66,0.00
Line (abs)	raw = 145.65,0.00	coord = 145.65,0.00
	raw = 97.80,0.00	coord = 97.80,0.00
Line (abs)	raw = 145.17,0.00	coord = 145.17,0.00
	raw = 97.81,0.00	coord = 97.81,0.00
End polygon at 137.57,0.00

 PATH path32 FOUND 
SVG scale factor = 1.000000
SVG offset = 0.000000,0.000000
POLYGON  3)
Move (abs)	raw = 126.02,0.00	coord = 126.02,0.00
	raw = 97.02,0.00	coord = 97.02,0.00
Line (abs)	raw = 125.96,0.00	coord = 125.96,0.00
	raw = 103.46,0.00	coord = 103.46,0.00
Line (abs)	raw = 125.94,0.00	coord = 125.94,0.00
	raw = 110.23,0.00	coord = 110.23,0.00
Line (abs)	raw = 125.97,0.00	coord = 125.97,0.00
	raw = 113.67,0.00	coord = 113.67,0.00
Line (abs)	raw = 127.08,0.00	coord = 127.08,0.00
	raw = 113.72,0.00	coord = 113.72,0.00
Line (abs)	raw = 132.93,0.00	coord = 132.93,0.00
	raw = 111.69,0.00	coord = 111.69,0.00
Line (abs)	raw = 133.92,0.00	coord = 133.92,0.00
	raw = 108.73,0.00	coord = 108.73,0.00
Line (abs)	raw = 134.17,0.00	coord = 134.17,0.00
	raw = 101.74,0.00	coord = 101.74,0.00
Line (abs)	raw = 134.13,0.00	coord = 134.13,0.00
	raw = 98.45,0.00	coord = 98.45,0.00
Line (abs)	raw = 134.08,0.00	coord = 134.08,0.00
	raw = 97.43,0.00	coord = 97.43,0.00
Line (abs)	raw = 134.62,0.00	coord = 134.62,0.00
	raw = 96.78,0.00	coord = 96.78,0.00
Line (abs)	raw = 135.09,0.00	coord = 135.09,0.00
	raw = 97.40,0.00	coord = 97.40,0.00
Line (abs)	raw = 135.05,0.00	coord = 135.05,0.00
	raw = 98.38,0.00	coord = 98.38,0.00
Line (abs)	raw = 134.96,0.00	coord = 134.96,0.00
	raw = 103.35,0.00	coord = 103.35,0.00
Line (abs)	raw = 134.84,0.00	coord = 134.84,0.00
	raw = 107.61,0.00	coord = 107.61,0.00
Line (abs)	raw = 134.59,0.00	coord = 134.59,0.00
	raw = 109.72,0.00	coord = 109.72,0.00
Line (abs)	raw = 132.81,0.00	coord = 132.81,0.00
	raw = 112.95,0.00	coord = 112.95,0.00
Line (abs)	raw = 126.72,0.00	coord = 126.72,0.00
	raw = 114.50,0.00	coord = 114.50,0.00
Line (abs)	raw = 121.01,0.00	coord = 121.01,0.00
	raw = 113.48,0.00	coord = 113.48,0.00
Line (abs)	raw = 118.86,0.00	coord = 118.86,0.00
	raw = 110.83,0.00	coord = 110.83,0.00
Line (abs)	raw = 118.52,0.00	coord = 118.52,0.00
	raw = 109.07,0.00	coord = 109.07,0.00
Line (abs)	raw = 118.46,0.00	coord = 118.46,0.00
	raw = 103.53,0.00	coord = 103.53,0.00
Line (abs)	raw = 118.41,0.00	coord = 118.41,0.00
	raw = 97.02,0.00	coord = 97.02,0.00
Line (abs)	raw = 126.02,0.00	coord = 126.02,0.00
	raw = 97.02,0.00	coord = 97.02,0.00
End polygon at 126.02,0.00

 PATH path30 FOUND 
SVG scale factor = 1.000000
SVG offset = 0.000000,0.000000
POLYGON  4)
Move (abs)	raw = 112.02,0.00	coord = 112.02,0.00
	raw = 97.85,0.00	coord = 97.85,0.00
Line (abs)	raw = 111.96,0.00	coord = 111.96,0.00
	raw = 101.74,0.00	coord = 101.74,0.00
Line (abs)	raw = 111.92,0.00	coord = 111.92,0.00
	raw = 105.44,0.00	coord = 105.44,0.00
Line (abs)	raw = 111.96,0.00	coord = 111.96,0.00
	raw = 114.00,0.00	coord = 114.00,0.00
Line (abs)	raw = 104.37,0.00	coord = 104.37,0.00
	raw = 114.00,0.00	coord = 114.00,0.00
Line (abs)	raw = 104.45,0.00	coord = 104.45,0.00
	raw = 104.08,0.00	coord = 104.08,0.00
Line (abs)	raw = 104.41,0.00	coord = 104.41,0.00
	raw = 100.71,0.00	coord = 100.71,0.00
Line (abs)	raw = 104.37,0.00	coord = 104.37,0.00
	raw = 97.85,0.00	coord = 97.85,0.00
Line (abs)	raw = 102.73,0.00	coord = 102.73,0.00
	raw = 97.89,0.00	coord = 97.89,0.00
Line (abs)	raw = 100.38,0.00	coord = 100.38,0.00
	raw = 97.94,0.00	coord = 97.94,0.00
Line (abs)	raw = 100.03,0.00	coord = 100.03,0.00
	raw = 97.95,0.00	coord = 97.95,0.00
Line (abs)	raw = 99.43,0.00	coord = 99.43,0.00
	raw = 97.50,0.00	coord = 97.50,0.00
Line (abs)	raw = 99.78,0.00	coord = 99.78,0.00
	raw = 97.05,0.00	coord = 97.05,0.00
Line (abs)	raw = 100.39,0.00	coord = 100.39,0.00
	raw = 97.02,0.00	coord = 97.02,0.00
Line (abs)	raw = 115.66,0.00	coord = 115.66,0.00
	raw = 97.02,0.00	coord = 97.02,0.00
Line (abs)	raw = 116.60,0.00	coord = 116.60,0.00
	raw = 97.09,0.00	coord = 97.09,0.00
Line (abs)	raw = 116.85,0.00	coord = 116.85,0.00
	raw = 97.51,0.00	coord = 97.51,0.00
Line (abs)	raw = 116.22,0.00	coord = 116.22,0.00
	raw = 97.94,0.00	coord = 97.94,0.00
Line (abs)	raw = 115.13,0.00	coord = 115.13,0.00
	raw = 97.90,0.00	coord = 97.90,0.00
Line (abs)	raw = 112.27,0.00	coord = 112.27,0.00
	raw = 97.85,0.00	coord = 97.85,0.00
Line (abs)	raw = 112.02,0.00	coord = 112.02,0.00
	raw = 97.85,0.00	coord = 97.85,0.00
End polygon at 112.02,0.00

 PATH path28 FOUND 
SVG scale factor = 1.000000
SVG offset = 0.000000,0.000000
POLYGON  5)
Move (abs)	raw = 86.11,0.00	coord = 86.11,0.00
	raw = 111.11,0.00	coord = 111.11,0.00
Line (abs)	raw = 86.63,0.00	coord = 86.63,0.00
	raw = 111.44,0.00	coord = 111.44,0.00
Line (abs)	raw = 88.90,0.00	coord = 88.90,0.00
	raw = 113.09,0.00	coord = 113.09,0.00
Line (abs)	raw = 91.58,0.00	coord = 91.58,0.00
	raw = 113.70,0.00	coord = 113.70,0.00
Line (abs)	raw = 93.03,0.00	coord = 93.03,0.00
	raw = 112.81,0.00	coord = 112.81,0.00
Line (abs)	raw = 92.52,0.00	coord = 92.52,0.00
	raw = 111.56,0.00	coord = 111.56,0.00
Line (abs)	raw = 90.09,0.00	coord = 90.09,0.00
	raw = 108.77,0.00	coord = 108.77,0.00
Line (abs)	raw = 86.85,0.00	coord = 86.85,0.00
	raw = 104.88,0.00	coord = 104.88,0.00
Line (abs)	raw = 85.78,0.00	coord = 85.78,0.00
	raw = 101.68,0.00	coord = 101.68,0.00
Line (abs)	raw = 87.82,0.00	coord = 87.82,0.00
	raw = 97.94,0.00	coord = 97.94,0.00
Line (abs)	raw = 92.76,0.00	coord = 92.76,0.00
	raw = 96.50,0.00	coord = 96.50,0.00
Line (abs)	raw = 96.53,0.00	coord = 96.53,0.00
	raw = 97.34,0.00	coord = 97.34,0.00
Line (abs)	raw = 97.64,0.00	coord = 97.64,0.00
	raw = 98.08,0.00	coord = 98.08,0.00
Line (abs)	raw = 98.11,0.00	coord = 98.11,0.00
	raw = 98.79,0.00	coord = 98.79,0.00
Line (abs)	raw = 97.97,0.00	coord = 97.97,0.00
	raw = 99.06,0.00	coord = 99.06,0.00
Line (abs)	raw = 97.71,0.00	coord = 97.71,0.00
	raw = 99.17,0.00	coord = 99.17,0.00
Line (abs)	raw = 97.09,0.00	coord = 97.09,0.00
	raw = 98.78,0.00	coord = 98.78,0.00
Line (abs)	raw = 95.32,0.00	coord = 95.32,0.00
	raw = 97.74,0.00	coord = 97.74,0.00
Line (abs)	raw = 93.22,0.00	coord = 93.22,0.00
	raw = 97.31,0.00	coord = 97.31,0.00
Line (abs)	raw = 92.20,0.00	coord = 92.20,0.00
	raw = 97.59,0.00	coord = 97.59,0.00
Line (abs)	raw = 91.81,0.00	coord = 91.81,0.00
	raw = 98.27,0.00	coord = 98.27,0.00
Line (abs)	raw = 92.30,0.00	coord = 92.30,0.00
	raw = 99.52,0.00	coord = 99.52,0.00
Line (abs)	raw = 93.94,0.00	coord = 93.94,0.00
	raw = 101.47,0.00	coord = 101.47,0.00
Line (abs)	raw = 98.42,0.00	coord = 98.42,0.00
	raw = 106.72,0.00	coord = 106.72,0.00
Line (abs)	raw = 99.28,0.00	coord = 99.28,0.00
	raw = 109.48,0.00	coord = 109.48,0.00
Line (abs)	raw = 98.67,0.00	coord = 98.67,0.00
	raw = 111.62,0.00	coord = 111.62,0.00
Line (abs)	raw = 96.98,0.00	coord = 96.98,0.00
	raw = 113.27,0.00	coord = 113.27,0.00
Line (abs)	raw = 91.94,0.00	coord = 91.94,0.00
	raw = 114.50,0.00	coord = 114.50,0.00
Line (abs)	raw = 87.12,0.00	coord = 87.12,0.00
	raw = 113.09,0.00	coord = 113.09,0.00
Line (abs)	raw = 85.67,0.00	coord = 85.67,0.00
	raw = 111.53,0.00	coord = 111.53,0.00
Line (abs)	raw = 85.79,0.00	coord = 85.79,0.00
	raw = 111.25,0.00	coord = 111.25,0.00
Line (abs)	raw = 86.11,0.00	coord = 86.11,0.00
	raw = 111.11,0.00	coord = 111.11,0.00
Line (abs)	raw = 86.11,0.00	coord = 86.11,0.00
	raw = 111.11,0.00	coord = 111.11,0.00
End polygon at 86.11,0.00

 PATH path26 FOUND 
SVG scale factor = 1.000000
SVG offset = 0.000000,0.000000
POLYGON  6)
Move (abs)	raw = 75.22,0.00	coord = 75.22,0.00
	raw = 96.50,0.00	coord = 96.50,0.00
Line (abs)	raw = 79.01,0.00	coord = 79.01,0.00
	raw = 97.34,0.00	coord = 97.34,0.00
Line (abs)	raw = 83.12,0.00	coord = 83.12,0.00
	raw = 101.13,0.00	coord = 101.13,0.00
Line (abs)	raw = 84.25,0.00	coord = 84.25,0.00
	raw = 105.60,0.00	coord = 105.60,0.00
Line (abs)	raw = 83.39,0.00	coord = 83.39,0.00
	raw = 109.36,0.00	coord = 109.36,0.00
Line (abs)	raw = 79.40,0.00	coord = 79.40,0.00
	raw = 113.47,0.00	coord = 113.47,0.00
Line (abs)	raw = 75.22,0.00	coord = 75.22,0.00
	raw = 114.50,0.00	coord = 114.50,0.00
Line (abs)	raw = 70.84,0.00	coord = 70.84,0.00
	raw = 113.34,0.00	coord = 113.34,0.00
Line (abs)	raw = 66.92,0.00	coord = 66.92,0.00
	raw = 109.01,0.00	coord = 109.01,0.00
Line (abs)	raw = 66.20,0.00	coord = 66.20,0.00
	raw = 105.49,0.00	coord = 105.49,0.00
Line (abs)	raw = 67.33,0.00	coord = 67.33,0.00
	raw = 101.14,0.00	coord = 101.14,0.00
Line (abs)	raw = 71.40,0.00	coord = 71.40,0.00
	raw = 97.35,0.00	coord = 97.35,0.00
Line (abs)	raw = 75.22,0.00	coord = 75.22,0.00
	raw = 96.50,0.00	coord = 96.50,0.00
Line (abs)	raw = 75.22,0.00	coord = 75.22,0.00
	raw = 96.50,0.00	coord = 96.50,0.00
Move (abs)	raw = 74.24,0.00	coord = 74.24,0.00
	raw = 97.34,0.00	coord = 97.34,0.00
Line (abs)	raw = 74.16,0.00	coord = 74.16,0.00
	raw = 105.44,0.00	coord = 105.44,0.00
Line (abs)	raw = 74.23,0.00	coord = 74.23,0.00
	raw = 112.17,0.00	coord = 112.17,0.00
Line (abs)	raw = 74.24,0.00	coord = 74.24,0.00
	raw = 113.68,0.00	coord = 113.68,0.00
Line (abs)	raw = 75.05,0.00	coord = 75.05,0.00
	raw = 113.76,0.00	coord = 113.76,0.00
Line (abs)	raw = 79.96,0.00	coord = 79.96,0.00
	raw = 112.24,0.00	coord = 112.24,0.00
Line (abs)	raw = 82.82,0.00	coord = 82.82,0.00
	raw = 108.66,0.00	coord = 108.66,0.00
Line (abs)	raw = 83.44,0.00	coord = 83.44,0.00
	raw = 105.49,0.00	coord = 105.49,0.00
Line (abs)	raw = 82.40,0.00	coord = 82.40,0.00
	raw = 101.46,0.00	coord = 101.46,0.00
Line (abs)	raw = 78.79,0.00	coord = 78.79,0.00
	raw = 98.08,0.00	coord = 98.08,0.00
Line (abs)	raw = 75.12,0.00	coord = 75.12,0.00
	raw = 97.26,0.00	coord = 97.26,0.00
Line (abs)	raw = 74.24,0.00	coord = 74.24,0.00
	raw = 97.34,0.00	coord = 97.34,0.00
Line (abs)	raw = 74.24,0.00	coord = 74.24,0.00
	raw = 97.34,0.00	coord = 97.34,0.00
End polygon at 75.22,0.00

 PATH path24 FOUND 
SVG scale factor = 1.000000
SVG offset = 0.000000,0.000000
POLYGON  7)
Move (abs)	raw = 64.07,0.00	coord = 64.07,0.00
	raw = 97.02,0.00	coord = 97.02,0.00
Line (abs)	raw = 64.07,0.00	coord = 64.07,0.00
	raw = 97.89,0.00	coord = 97.89,0.00
Line (abs)	raw = 64.01,0.00	coord = 64.01,0.00
	raw = 104.70,0.00	coord = 104.70,0.00
Line (abs)	raw = 64.06,0.00	coord = 64.06,0.00
	raw = 114.00,0.00	coord = 114.00,0.00
Line (abs)	raw = 56.46,0.00	coord = 56.46,0.00
	raw = 114.00,0.00	coord = 114.00,0.00
Line (abs)	raw = 56.55,0.00	coord = 56.55,0.00
	raw = 103.83,0.00	coord = 103.83,0.00
Line (abs)	raw = 56.46,0.00	coord = 56.46,0.00
	raw = 97.62,0.00	coord = 97.62,0.00
Line (abs)	raw = 56.47,0.00	coord = 56.47,0.00
	raw = 97.02,0.00	coord = 97.02,0.00
Line (abs)	raw = 64.07,0.00	coord = 64.07,0.00
	raw = 97.02,0.00	coord = 97.02,0.00
End polygon at 64.07,0.00

 PATH path22 FOUND 
SVG scale factor = 1.000000
SVG offset = 0.000000,0.000000
POLYGON  8)
Move (abs)	raw = 37.30,0.00	coord = 37.30,0.00
	raw = 97.02,0.00	coord = 97.02,0.00
Line (abs)	raw = 43.85,0.00	coord = 43.85,0.00
	raw = 97.02,0.00	coord = 97.02,0.00
Line (abs)	raw = 47.70,0.00	coord = 47.70,0.00
	raw = 97.26,0.00	coord = 97.26,0.00
Line (abs)	raw = 52.87,0.00	coord = 52.87,0.00
	raw = 100.67,0.00	coord = 100.67,0.00
Line (abs)	raw = 54.41,0.00	coord = 54.41,0.00
	raw = 105.52,0.00	coord = 105.52,0.00
Line (abs)	raw = 52.82,0.00	coord = 52.82,0.00
	raw = 110.44,0.00	coord = 110.44,0.00
Line (abs)	raw = 47.82,0.00	coord = 47.82,0.00
	raw = 113.76,0.00	coord = 113.76,0.00
Line (abs)	raw = 46.40,0.00	coord = 46.40,0.00
	raw = 113.96,0.00	coord = 113.96,0.00
Line (abs)	raw = 43.66,0.00	coord = 43.66,0.00
	raw = 114.00,0.00	coord = 114.00,0.00
Line (abs)	raw = 37.34,0.00	coord = 37.34,0.00
	raw = 114.00,0.00	coord = 114.00,0.00
Line (abs)	raw = 37.38,0.00	coord = 37.38,0.00
	raw = 105.78,0.00	coord = 105.78,0.00
Line (abs)	raw = 37.30,0.00	coord = 37.30,0.00
	raw = 97.02,0.00	coord = 97.02,0.00
Move (abs)	raw = 44.91,0.00	coord = 44.91,0.00
	raw = 97.81,0.00	coord = 97.81,0.00
Line (abs)	raw = 44.84,0.00	coord = 44.84,0.00
	raw = 107.81,0.00	coord = 107.81,0.00
Line (abs)	raw = 44.92,0.00	coord = 44.92,0.00
	raw = 113.20,0.00	coord = 113.20,0.00
Line (abs)	raw = 47.31,0.00	coord = 47.31,0.00
	raw = 113.07,0.00	coord = 113.07,0.00
Line (abs)	raw = 48.99,0.00	coord = 48.99,0.00
	raw = 112.54,0.00	coord = 112.54,0.00
Line (abs)	raw = 52.48,0.00	coord = 52.48,0.00
	raw = 109.45,0.00	coord = 109.45,0.00
Line (abs)	raw = 53.59,0.00	coord = 53.59,0.00
	raw = 105.50,0.00	coord = 105.50,0.00
Line (abs)	raw = 52.28,0.00	coord = 52.28,0.00
	raw = 101.24,0.00	coord = 101.24,0.00
Line (abs)	raw = 49.40,0.00	coord = 49.40,0.00
	raw = 98.66,0.00	coord = 98.66,0.00
Line (abs)	raw = 45.39,0.00	coord = 45.39,0.00
	raw = 97.80,0.00	coord = 97.80,0.00
Line (abs)	raw = 44.91,0.00	coord = 44.91,0.00
	raw = 97.81,0.00	coord = 97.81,0.00
End polygon at 37.30,0.00


Object origin:
73.604650 0.000000

Eagle Command:
set wire_bend 2;
change layer tDocu;
set width 0.000500;
poly (R 0.645737 0.000000) (R -0.144044 0.000000) (R 0.683676 0.000000) (R -0.135710 0.000000) (R 0.724727 0.000000) (R -0.097773 0.000000) (R 0.736047 0.000000) (R -0.053114 0.000000) (R 0.727467 0.000000) (R -0.015543 0.000000) (R 0.687537 0.000000) (R 0.025626 0.000000) (R 0.645737 0.000000) (R 0.035956 0.000000) (R 0.601947 0.000000) (R 0.024266 0.000000) (R 0.562767 0.000000) (R -0.019023 0.000000) (R 0.555546 0.000000) (R -0.054233 0.000000) (R 0.566867 0.000000) (R -0.097644 0.000000) (R 0.607546 0.000000) (R -0.135585 0.000000) (R 0.645737 0.000000) (R -0.144044 0.000000) (R 0.645737 0.000000) (R -0.144044 0.000000);
poly (R 0.635906 0.000000) (R -0.135710 0.000000) (R 0.635166 0.000000) (R -0.054724 0.000000) (R 0.635786 0.000000) (R 0.012566 0.000000) (R 0.635906 0.000000) (R 0.027746 0.000000) (R 0.643996 0.000000) (R 0.028496 0.000000) (R 0.693137 0.000000) (R 0.013316 0.000000) (R 0.721746 0.000000) (R -0.022514 0.000000) (R 0.727966 0.000000) (R -0.054233 0.000000) (R 0.717517 0.000000) (R -0.094534 0.000000) (R 0.681437 0.000000) (R -0.128247 0.000000) (R 0.644746 0.000000) (R -0.136457 0.000000) (R 0.635906 0.000000) (R -0.135710 0.000000) (R 0.635906 0.000000) (R -0.135710 0.000000) (R 0.645737 0.000000);
poly (R 0.534276 0.000000) (R -0.138944 0.000000) (R 0.534276 0.000000) (R -0.130237 0.000000) (R 0.533657 0.000000) (R -0.062064 0.000000) (R 0.534156 0.000000) (R 0.030857 0.000000) (R 0.458146 0.000000) (R 0.030857 0.000000) (R 0.459017 0.000000) (R -0.070774 0.000000) (R 0.458146 0.000000) (R -0.132849 0.000000) (R 0.458276 0.000000) (R -0.138944 0.000000) (R 0.534276 0.000000) (R -0.138944 0.000000) (R 0.534276 0.000000);
poly (R 0.266577 0.000000) (R -0.138944 0.000000) (R 0.332016 0.000000) (R -0.138944 0.000000) (R 0.370577 0.000000) (R -0.136456 0.000000) (R 0.422196 0.000000) (R -0.102374 0.000000) (R 0.437626 0.000000) (R -0.053854 0.000000) (R 0.421697 0.000000) (R -0.004724 0.000000) (R 0.371697 0.000000) (R 0.028496 0.000000) (R 0.357516 0.000000) (R 0.030486 0.000000) (R 0.330147 0.000000) (R 0.030857 0.000000) (R 0.266956 0.000000) (R 0.030857 0.000000) (R 0.267326 0.000000) (R -0.051244 0.000000) (R 0.266577 0.000000) (R -0.138944 0.000000);
poly (R 0.342587 0.000000) (R -0.130983 0.000000) (R 0.341966 0.000000) (R -0.030974 0.000000) (R 0.342707 0.000000) (R 0.022896 0.000000) (R 0.366596 0.000000) (R 0.021646 0.000000) (R 0.383386 0.000000) (R 0.016296 0.000000) (R 0.418336 0.000000) (R -0.014554 0.000000) (R 0.429406 0.000000) (R -0.054104 0.000000) (R 0.416347 0.000000) (R -0.096654 0.000000) (R 0.387486 0.000000) (R -0.122494 0.000000) (R 0.347436 0.000000) (R -0.131108 0.000000) (R 0.342587 0.000000) (R -0.130983 0.000000) (R 0.266577 0.000000);
poly (R 0.151136 0.000000) (R -0.138944 0.000000) (R 0.150516 0.000000) (R -0.074504 0.000000) (R 0.150267 0.000000) (R -0.006834 0.000000) (R 0.150647 0.000000) (R 0.027626 0.000000) (R 0.161717 0.000000) (R 0.028117 0.000000) (R 0.220176 0.000000) (R 0.007846 0.000000) (R 0.230126 0.000000) (R -0.021763 0.000000) (R 0.232616 0.000000) (R -0.091673 0.000000) (R 0.232246 0.000000) (R -0.124638 0.000000) (R 0.231746 0.000000) (R -0.134839 0.000000) (R 0.237096 0.000000) (R -0.141307 0.000000) (R 0.241827 0.000000) (R -0.135088 0.000000) (R 0.241446 0.000000) (R -0.125260 0.000000) (R 0.240457 0.000000) (R -0.075624 0.000000) (R 0.239336 0.000000) (R -0.032964 0.000000) (R 0.236846 0.000000) (R -0.011934 0.000000) (R 0.219056 0.000000) (R 0.020406 0.000000) (R 0.158106 0.000000) (R 0.035956 0.000000) (R 0.101007 0.000000) (R 0.025756 0.000000) (R 0.079487 0.000000) (R -0.000744 0.000000) (R 0.076127 0.000000) (R -0.018404 0.000000) (R 0.075506 0.000000) (R -0.073764 0.000000) (R 0.075006 0.000000) (R -0.138944 0.000000) (R 0.151136 0.000000) (R -0.138944 0.000000) (R 0.151136 0.000000);
poly (R 0.011136 0.000000) (R -0.130610 0.000000) (R 0.010516 0.000000) (R -0.091673 0.000000) (R 0.010136 0.000000) (R -0.054724 0.000000) (R 0.010516 0.000000) (R 0.030857 0.000000) (R -0.065374 0.000000) (R 0.030857 0.000000) (R -0.064624 0.000000) (R -0.068284 0.000000) (R -0.064994 0.000000) (R -0.101994 0.000000) (R -0.065374 0.000000) (R -0.130610 0.000000) (R -0.081793 0.000000) (R -0.130237 0.000000) (R -0.105303 0.000000) (R -0.129738 0.000000) (R -0.108783 0.000000) (R -0.129614 0.000000) (R -0.114755 0.000000) (R -0.134093 0.000000) (R -0.111272 0.000000) (R -0.138571 0.000000) (R -0.105174 0.000000) (R -0.138944 0.000000) (R 0.047456 0.000000) (R -0.138944 0.000000) (R 0.056906 0.000000) (R -0.138198 0.000000) (R 0.059397 0.000000) (R -0.133967 0.000000) (R 0.053056 0.000000) (R -0.129738 0.000000) (R 0.042236 0.000000) (R -0.130112 0.000000) (R 0.013627 0.000000) (R -0.130610 0.000000) (R 0.011136 0.000000) (R -0.130610 0.000000) (R 0.011136 0.000000);
poly (R -0.248044 0.000000) (R 0.001996 0.000000) (R -0.242820 0.000000) (R 0.005356 0.000000) (R -0.220055 0.000000) (R 0.021777 0.000000) (R -0.193310 0.000000) (R 0.027866 0.000000) (R -0.178756 0.000000) (R 0.019036 0.000000) (R -0.183856 0.000000) (R 0.006476 0.000000) (R -0.208238 0.000000) (R -0.021394 0.000000) (R -0.240581 0.000000) (R -0.060324 0.000000) (R -0.251279 0.000000) (R -0.092293 0.000000) (R -0.230878 0.000000) (R -0.129738 0.000000) (R -0.181493 0.000000) (R -0.144044 0.000000) (R -0.143800 0.000000) (R -0.135710 0.000000) (R -0.132730 0.000000) (R -0.128246 0.000000) (R -0.128003 0.000000) (R -0.121155 0.000000) (R -0.129370 0.000000) (R -0.118543 0.000000) (R -0.131984 0.000000) (R -0.117424 0.000000) (R -0.138203 0.000000) (R -0.121279 0.000000) (R -0.155867 0.000000) (R -0.131728 0.000000) (R -0.176890 0.000000) (R -0.135958 0.000000) (R -0.187091 0.000000) (R -0.133222 0.000000) (R -0.190947 0.000000) (R -0.126380 0.000000) (R -0.186095 0.000000) (R -0.113941 0.000000) (R -0.169675 0.000000) (R -0.094413 0.000000) (R -0.124892 0.000000) (R -0.041913 0.000000) (R -0.116309 0.000000) (R -0.014304 0.000000) (R -0.122405 0.000000) (R 0.007096 0.000000) (R -0.139323 0.000000) (R 0.023636 0.000000) (R -0.189703 0.000000) (R 0.035956 0.000000) (R -0.237844 0.000000) (R 0.021777 0.000000) (R -0.252397 0.000000) (R 0.006226 0.000000) (R -0.251154 0.000000) (R 0.003366 0.000000) (R -0.248044 0.000000) (R 0.001996 0.000000) (R -0.248044 0.000000) (R 0.001996 0.000000) (R -0.248044 0.000000);
poly (R -0.356890 0.000000) (R -0.144044 0.000000) (R -0.318950 0.000000) (R -0.135710 0.000000) (R -0.277898 0.000000) (R -0.097773 0.000000) (R -0.266579 0.000000) (R -0.053114 0.000000) (R -0.275162 0.000000) (R -0.015543 0.000000) (R -0.315093 0.000000) (R 0.025626 0.000000) (R -0.356890 0.000000) (R 0.035956 0.000000) (R -0.400676 0.000000) (R 0.024266 0.000000) (R -0.439862 0.000000) (R -0.019023 0.000000) (R -0.447077 0.000000) (R -0.054233 0.000000) (R -0.435757 0.000000) (R -0.097644 0.000000) (R -0.395080 0.000000) (R -0.135585 0.000000) (R -0.356890 0.000000) (R -0.144044 0.000000) (R -0.356890 0.000000) (R -0.144044 0.000000);
poly (R -0.366717 0.000000) (R -0.135710 0.000000) (R -0.367464 0.000000) (R -0.054724 0.000000) (R -0.366842 0.000000) (R 0.012566 0.000000) (R -0.366717 0.000000) (R 0.027746 0.000000) (R -0.358632 0.000000) (R 0.028496 0.000000) (R -0.309495 0.000000) (R 0.013316 0.000000) (R -0.280885 0.000000) (R -0.022514 0.000000) (R -0.274665 0.000000) (R -0.054233 0.000000) (R -0.285114 0.000000) (R -0.094534 0.000000) (R -0.321189 0.000000) (R -0.128247 0.000000) (R -0.357884 0.000000) (R -0.136457 0.000000) (R -0.366717 0.000000) (R -0.135710 0.000000) (R -0.366717 0.000000) (R -0.135710 0.000000) (R -0.356890 0.000000);
poly (R -0.468348 0.000000) (R -0.138944 0.000000) (R -0.468348 0.000000) (R -0.130237 0.000000) (R -0.468970 0.000000) (R -0.062064 0.000000) (R -0.468473 0.000000) (R 0.030857 0.000000) (R -0.544478 0.000000) (R 0.030857 0.000000) (R -0.543608 0.000000) (R -0.070774 0.000000) (R -0.544478 0.000000) (R -0.132849 0.000000) (R -0.544354 0.000000) (R -0.138944 0.000000) (R -0.468348 0.000000) (R -0.138944 0.000000) (R -0.468348 0.000000);
poly (R -0.736047 0.000000) (R -0.138944 0.000000) (R -0.670615 0.000000) (R -0.138944 0.000000) (R -0.632053 0.000000) (R -0.136456 0.000000) (R -0.580429 0.000000) (R -0.102374 0.000000) (R -0.565004 0.000000) (R -0.053854 0.000000) (R -0.580926 0.000000) (R -0.004724 0.000000) (R -0.630933 0.000000) (R 0.028496 0.000000) (R -0.645113 0.000000) (R 0.030486 0.000000) (R -0.672481 0.000000) (R 0.030857 0.000000) (R -0.735674 0.000000) (R 0.030857 0.000000) (R -0.735301 0.000000) (R -0.051244 0.000000) (R -0.736047 0.000000) (R -0.138944 0.000000);
poly (R -0.660042 0.000000) (R -0.130983 0.000000) (R -0.660663 0.000000) (R -0.030974 0.000000) (R -0.659916 0.000000) (R 0.022896 0.000000) (R -0.636033 0.000000) (R 0.021646 0.000000) (R -0.619240 0.000000) (R 0.016296 0.000000) (R -0.584285 0.000000) (R -0.014554 0.000000) (R -0.573214 0.000000) (R -0.054104 0.000000) (R -0.586275 0.000000) (R -0.096654 0.000000) (R -0.615135 0.000000) (R -0.122494 0.000000) (R -0.655190 0.000000) (R -0.131108 0.000000) (R -0.660042 0.000000) (R -0.130983 0.000000) (R -0.736047 0.000000);

